[0.104s] Invoking command in '/home/om/slambot/build/new_robot_controller': CMAKE_PREFIX_PATH=/opt/ros/humble /usr/bin/cmake --build /home/om/slambot/build/new_robot_controller -- -j8 -l8
[0.170s] -- Found ament_cmake: 1.3.9 (/opt/ros/humble/share/ament_cmake/cmake)
[0.479s] -- Found rclcpp: 16.0.9 (/opt/ros/humble/share/rclcpp/cmake)
[0.546s] -- Found rosidl_generator_c: 3.1.5 (/opt/ros/humble/share/rosidl_generator_c/cmake)
[0.550s] -- Found rosidl_adapter: 3.1.5 (/opt/ros/humble/share/rosidl_adapter/cmake)
[0.568s] -- Found rosidl_generator_cpp: 3.1.5 (/opt/ros/humble/share/rosidl_generator_cpp/cmake)
[0.585s] -- Using all available rosidl_typesupport_c: rosidl_typesupport_fastrtps_c;rosidl_typesupport_introspection_c
[0.608s] -- Using all available rosidl_typesupport_cpp: rosidl_typesupport_fastrtps_cpp;rosidl_typesupport_introspection_cpp
[0.690s] -- Found rmw_implementation_cmake: 6.1.2 (/opt/ros/humble/share/rmw_implementation_cmake/cmake)
[0.692s] -- Found rmw_fastrtps_cpp: 6.2.6 (/opt/ros/humble/share/rmw_fastrtps_cpp/cmake)
[0.887s] -- Using RMW implementation 'rmw_fastrtps_cpp' as default
[1.102s] -- Found rclpy: 3.3.13 (/opt/ros/humble/share/rclpy/cmake)
[1.103s] -- Found geometry_msgs: 4.2.4 (/opt/ros/humble/share/geometry_msgs/cmake)
[1.371s] -- Configuring done
[1.386s] -- Generating done
[1.389s] -- Build files have been written to: /home/om/slambot/build/new_robot_controller
[1.446s] [ 50%] [32mBuilding CXX object CMakeFiles/simple_controller.dir/src/simple_controller.cpp.o[0m
[1.462s] [ 50%] Built target ament_cmake_python_copy_new_robot_controller
[1.463s] [01m[K/home/om/slambot/src/new_robot_controller/src/simple_controller.cpp:1:10:[m[K [01;31m[Kfatal error: [m[Kbumperbot_controller/simple_controller.hpp: No such file or directory
[1.463s]     1 | #include [01;31m[K"bumperbot_controller/simple_controller.hpp"[m[K
[1.463s]       |          [01;31m[K^~~~~~~~~~~~~~~~~~~~~~~~~~~~~~~~~~~~~~~~~~~~[m[K
[1.463s] compilation terminated.
[1.464s] gmake[2]: *** [CMakeFiles/simple_controller.dir/build.make:76: CMakeFiles/simple_controller.dir/src/simple_controller.cpp.o] Error 1
[1.464s] gmake[1]: *** [CMakeFiles/Makefile2:140: CMakeFiles/simple_controller.dir/all] Error 2
[1.464s] gmake[1]: *** Waiting for unfinished jobs....
[1.764s] running egg_info
[1.764s] creating new_robot_controller.egg-info
[1.765s] writing new_robot_controller.egg-info/PKG-INFO
[1.765s] writing dependency_links to new_robot_controller.egg-info/dependency_links.txt
[1.765s] writing top-level names to new_robot_controller.egg-info/top_level.txt
[1.765s] writing manifest file 'new_robot_controller.egg-info/SOURCES.txt'
[1.768s] reading manifest file 'new_robot_controller.egg-info/SOURCES.txt'
[1.769s] writing manifest file 'new_robot_controller.egg-info/SOURCES.txt'
[1.830s] [ 50%] Built target ament_cmake_python_build_new_robot_controller_egg
[1.831s] gmake: *** [Makefile:146: all] Error 2
[1.836s] Invoked command in '/home/om/slambot/build/new_robot_controller' returned '2': CMAKE_PREFIX_PATH=/opt/ros/humble /usr/bin/cmake --build /home/om/slambot/build/new_robot_controller -- -j8 -l8
