[0.145s] Invoking command in '/home/om/slambot/build/new_robot_controller': CMAKE_PREFIX_PATH=${CMAKE_PREFIX_PATH}:/home/om/slambot/install/bumperbot_py_examples:/opt/ros/humble /usr/bin/cmake --build /home/om/slambot/build/new_robot_controller -- -j8 -l8
[0.223s] -- Found ament_cmake: 1.3.9 (/opt/ros/humble/share/ament_cmake/cmake)
[0.659s] -- Found rclcpp: 16.0.9 (/opt/ros/humble/share/rclcpp/cmake)
[0.739s] -- Found rosidl_generator_c: 3.1.5 (/opt/ros/humble/share/rosidl_generator_c/cmake)
[0.746s] -- Found rosidl_adapter: 3.1.5 (/opt/ros/humble/share/rosidl_adapter/cmake)
[0.772s] -- Found rosidl_generator_cpp: 3.1.5 (/opt/ros/humble/share/rosidl_generator_cpp/cmake)
[0.792s] -- Using all available rosidl_typesupport_c: rosidl_typesupport_fastrtps_c;rosidl_typesupport_introspection_c
[0.834s] -- Using all available rosidl_typesupport_cpp: rosidl_typesupport_fastrtps_cpp;rosidl_typesupport_introspection_cpp
[0.991s] -- Found rmw_implementation_cmake: 6.1.2 (/opt/ros/humble/share/rmw_implementation_cmake/cmake)
[0.996s] -- Found rmw_fastrtps_cpp: 6.2.6 (/opt/ros/humble/share/rmw_fastrtps_cpp/cmake)
[1.370s] -- Using RMW implementation 'rmw_fastrtps_cpp' as default
[1.776s] -- Found rclpy: 3.3.13 (/opt/ros/humble/share/rclpy/cmake)
[1.776s] -- Found geometry_msgs: 4.2.4 (/opt/ros/humble/share/geometry_msgs/cmake)
[1.888s] -- Found sensor_msgs: 4.2.4 (/opt/ros/humble/share/sensor_msgs/cmake)
[2.099s] -- Found nav_msgs: 4.2.4 (/opt/ros/humble/share/nav_msgs/cmake)
[2.310s] -- Found tf2: 0.25.7 (/opt/ros/humble/share/tf2/cmake)
[2.335s] -- Found tf2_ros: 0.25.7 (/opt/ros/humble/share/tf2_ros/cmake)
[3.504s] -- Configuring done
[3.531s] -- Generating done
[3.535s] -- Build files have been written to: /home/om/slambot/build/new_robot_controller
[3.585s] [35m[1mConsolidate compiler generated dependencies of target simple_controller[0m
[3.617s] [  0%] Built target ament_cmake_python_copy_new_robot_controller
[3.628s] [ 50%] [32mBuilding CXX object CMakeFiles/simple_controller.dir/src/simple_controller.cpp.o[0m
[4.139s] running egg_info
[4.141s] writing new_robot_controller.egg-info/PKG-INFO
[4.141s] writing dependency_links to new_robot_controller.egg-info/dependency_links.txt
[4.142s] writing top-level names to new_robot_controller.egg-info/top_level.txt
[4.146s] reading manifest file 'new_robot_controller.egg-info/SOURCES.txt'
[4.147s] writing manifest file 'new_robot_controller.egg-info/SOURCES.txt'
[4.200s] [ 50%] Built target ament_cmake_python_build_new_robot_controller_egg
[8.438s] [01m[K/home/om/slambot/src/new_robot_controller/src/simple_controller.cpp:[m[K In member function â€˜[01m[Kvoid SimpleController::jointCallBack(const JointState&)[m[Kâ€™:
[8.438s] [01m[K/home/om/slambot/src/new_robot_controller/src/simple_controller.cpp:109:45:[m[K [01;31m[Kerror: [m[Kâ€˜[01m[Ktransform_stamped[m[Kâ€™ was not declared in this scope; did you mean â€˜[01m[Ktransform_stamped_[m[Kâ€™?
[8.438s]   109 |       transform_broadcaster_->sendTransform([01;31m[Ktransform_stamped[m[K);
[8.438s]       |                                             [01;31m[K^~~~~~~~~~~~~~~~~[m[K
[8.438s]       |                                             [32m[Ktransform_stamped_[m[K
[11.235s] gmake[2]: *** [CMakeFiles/simple_controller.dir/build.make:76: CMakeFiles/simple_controller.dir/src/simple_controller.cpp.o] Error 1
[11.235s] gmake[1]: *** [CMakeFiles/Makefile2:140: CMakeFiles/simple_controller.dir/all] Error 2
[11.236s] gmake: *** [Makefile:146: all] Error 2
[11.238s] Invoked command in '/home/om/slambot/build/new_robot_controller' returned '2': CMAKE_PREFIX_PATH=${CMAKE_PREFIX_PATH}:/home/om/slambot/install/bumperbot_py_examples:/opt/ros/humble /usr/bin/cmake --build /home/om/slambot/build/new_robot_controller -- -j8 -l8
